<?xml version="1.0" encoding="UTF-8"?>
<!-- Generated by org.testng.reporters.JUnitReportReporter -->
<testsuite hostname="DESKTOP-EGG68CQ" failures="0" tests="6" name="inspiration.TestClassLoginPage" time="50.074" errors="0" timestamp="2022-03-03T14:32:02 IST" skipped="0">
  <testcase classname="inspiration.TestClassLoginPage" name="verifyForgettenPasswordButton" time="7.839"/>
  <system-out/>
  <testcase classname="inspiration.TestClassLoginPage" name="verifyLoginPage" time="5.331"/>
  <system-out/>
  <testcase classname="inspiration.TestClassLoginPage" name="verifyForgettenPasswordButton" time="10.902"/>
  <system-out/>
  <testcase classname="inspiration.TestClassLoginPage" name="verifyForgettenPasswordButton" time="16.197"/>
  <system-out/>
  <testcase classname="inspiration.TestClassLoginPage" name="verifyLoginPage" time="2.846"/>
  <system-out/>
  <testcase classname="inspiration.TestClassLoginPage" name="verifyLoginPage" time="6.959"/>
  <system-out/>
</testsuite> <!-- inspiration.TestClassLoginPage -->
