<?xml version="1.0" encoding="UTF-8"?>
<!-- Generated by org.testng.reporters.JUnitReportReporter -->
<testsuite hostname="DESKTOP-EGG68CQ" failures="0" tests="3" name="inspiration.TestClassCreateNewAccountPage" time="32.059" errors="0" timestamp="2022-03-03T14:32:02 IST" skipped="0">
  <testcase classname="inspiration.TestClassCreateNewAccountPage" name="verifyCreateNewAccountPopup" time="9.980"/>
  <system-out/>
  <testcase classname="inspiration.TestClassCreateNewAccountPage" name="verifyCreateNewAccountPopup" time="14.139"/>
  <system-out/>
  <testcase classname="inspiration.TestClassCreateNewAccountPage" name="verifyCreateNewAccountPopup" time="7.940"/>
  <system-out/>
</testsuite> <!-- inspiration.TestClassCreateNewAccountPage -->
